You: What are Mark Zuckerberg's and Satya Nadella's recent comments about AI?


> Entering new AgentExecutor chain...

Invoking: `scrape_url` with `{'url': 'https://news.google.com/search?q=Mark+Zuckerberg+AI+comments&hl=en-US&gl=US&ceid=US%3Aen'}`


News

News

arrow_drop_down

Narrow your search results

Exact phrase

Has words

Exclude words

Website

Enter a valid web address

Date

Anytime

  * Anytime
  * Past hour
  * Past 24 hours
  * Past week
  * Past year

Clear

Search

Help

  * Help
  * Privacy
  * Terms
  * About Google
  *   * Get the Android app
  * Get the iOS app
  *   * Send feedback

Settings

  * Settings
  * Language & regionEnglish (United States)

Sign in

Home

For you

Following

News Showcase

U.S.

World

Local

Business

Technology

Entertainment

Sports

Science

Health

More

* * *

Business Insider

More

Mark Zuckerberg doesn't want to hear your talk about an AI 'God'

Jun 27

* * *

By Jaures Yip

* * *

Investopedia

More

4 Key Takeaways From Mark Zuckerberg's Comments During Meta's Q1 Earnings Call

Apr 24

* * *

By Naomi Buchanan

* * *

Futurism

More

Zuckerberg Says It's Fine to Train AI on Your Data Because It Probably Has No
Value Anyway

Sep 27

* * *

By Victor Tangermann

* * *

Datac
Invoking: `scrape_url` with `{'url': 'https://news.google.com/search?q=Satya+Nadella+AI+comments&hl=en-US&gl=US&ceid=US%3Aen'}`


^CTraceback (most recent call last):
  File "/opt/homebrew/Cellar/python@3.12/3.12.5/Frameworks/Python.framework/Versions/3.12/lib/python3.12/asyncio/runners.py", line 118, in run
    return self._loop.run_until_complete(task)
           ^^^^^^^^^^^^^^^^^^^^^^^^^^^^^^^^^^^
  File "/opt/homebrew/Cellar/python@3.12/3.12.5/Frameworks/Python.framework/Versions/3.12/lib/python3.12/asyncio/base_events.py", line 687, in run_until_complete
    return future.result()
           ^^^^^^^^^^^^^^^
  File "/Users/hadzo/Development/Finchat/venv/lib/python3.12/site-packages/langchain_community/document_loaders/chromium.py", line 65, in ascrape_playwright
    await page.goto(url)
  File "/Users/hadzo/Development/Finchat/venv/lib/python3.12/site-packages/playwright/async_api/_generated.py", line 8969, in goto
    await self._impl_obj.goto(
  File "/Users/hadzo/Development/Finchat/venv/lib/python3.12/site-packages/playwright/_impl/_page.py", line 553, in goto
    return await self._main_frame.goto(**locals_to_params(locals()))
           ^^^^^^^^^^^^^^^^^^^^^^^^^^^^^^^^^^^^^^^^^^^^^^^^^^^^^^^^^
  File "/Users/hadzo/Development/Finchat/venv/lib/python3.12/site-packages/playwright/_impl/_frame.py", line 145, in goto
    await self._channel.send("goto", locals_to_params(locals()))
  File "/Users/hadzo/Development/Finchat/venv/lib/python3.12/site-packages/playwright/_impl/_connection.py", line 59, in send
    return await self._connection.wrap_api_call(
           ^^^^^^^^^^^^^^^^^^^^^^^^^^^^^^^^^^^^^
  File "/Users/hadzo/Development/Finchat/venv/lib/python3.12/site-packages/playwright/_impl/_connection.py", line 518, in wrap_api_call
    return await cb()
           ^^^^^^^^^^
  File "/Users/hadzo/Development/Finchat/venv/lib/python3.12/site-packages/playwright/_impl/_connection.py", line 88, in inner_send
    done, _ = await asyncio.wait(
              ^^^^^^^^^^^^^^^^^^^
  File "/opt/homebrew/Cellar/python@3.12/3.12.5/Frameworks/Python.framework/Versions/3.12/lib/python3.12/asyncio/tasks.py", line 464, in wait
    return await _wait(fs, timeout, return_when, loop)
           ^^^^^^^^^^^^^^^^^^^^^^^^^^^^^^^^^^^^^^^^^^^
  File "/opt/homebrew/Cellar/python@3.12/3.12.5/Frameworks/Python.framework/Versions/3.12/lib/python3.12/asyncio/tasks.py", line 550, in _wait
    await waiter
asyncio.exceptions.CancelledError

During handling of the above exception, another exception occurred:

Traceback (most recent call last):
  File "/Users/hadzo/Development/Finchat/main.py", line 80, in <module>
    run_conversation()
  File "/Users/hadzo/Development/Finchat/main.py", line 70, in run_conversation
    result = agent_executor.invoke({"input": user_input})
             ^^^^^^^^^^^^^^^^^^^^^^^^^^^^^^^^^^^^^^^^^^^^
  File "/Users/hadzo/Development/Finchat/venv/lib/python3.12/site-packages/langchain/chains/base.py", line 170, in invoke
    raise e
  File "/Users/hadzo/Development/Finchat/venv/lib/python3.12/site-packages/langchain/chains/base.py", line 160, in invoke
    self._call(inputs, run_manager=run_manager)
  File "/Users/hadzo/Development/Finchat/venv/lib/python3.12/site-packages/langchain/agents/agent.py", line 1629, in _call
    next_step_output = self._take_next_step(
                       ^^^^^^^^^^^^^^^^^^^^^
  File "/Users/hadzo/Development/Finchat/venv/lib/python3.12/site-packages/langchain/agents/agent.py", line 1335, in _take_next_step
    [
  File "/Users/hadzo/Development/Finchat/venv/lib/python3.12/site-packages/langchain/agents/agent.py", line 1420, in _iter_next_step
    yield self._perform_agent_action(
          ^^^^^^^^^^^^^^^^^^^^^^^^^^^
  File "/Users/hadzo/Development/Finchat/venv/lib/python3.12/site-packages/langchain/agents/agent.py", line 1442, in _perform_agent_action
    observation = tool.run(
                  ^^^^^^^^^
  File "/Users/hadzo/Development/Finchat/venv/lib/python3.12/site-packages/langchain_core/tools/base.py", line 689, in run
    raise error_to_raise
  File "/Users/hadzo/Development/Finchat/venv/lib/python3.12/site-packages/langchain_core/tools/base.py", line 657, in run
    response = context.run(self._run, *tool_args, **tool_kwargs)
               ^^^^^^^^^^^^^^^^^^^^^^^^^^^^^^^^^^^^^^^^^^^^^^^^^
  File "/Users/hadzo/Development/Finchat/venv/lib/python3.12/site-packages/langchain_core/tools/structured.py", line 80, in _run
    return self.func(*args, **kwargs)
           ^^^^^^^^^^^^^^^^^^^^^^^^^^
  File "/Users/hadzo/Development/Finchat/utils.py", line 27, in scrape_url
    docs = loader.load()
           ^^^^^^^^^^^^^
  File "/Users/hadzo/Development/Finchat/venv/lib/python3.12/site-packages/langchain_core/document_loaders/base.py", line 31, in load
    return list(self.lazy_load())
           ^^^^^^^^^^^^^^^^^^^^^^
  File "/Users/hadzo/Development/Finchat/venv/lib/python3.12/site-packages/langchain_community/document_loaders/chromium.py", line 85, in lazy_load
    html_content = asyncio.run(self.ascrape_playwright(url))
                   ^^^^^^^^^^^^^^^^^^^^^^^^^^^^^^^^^^^^^^^^^
  File "/opt/homebrew/Cellar/python@3.12/3.12.5/Frameworks/Python.framework/Versions/3.12/lib/python3.12/asyncio/runners.py", line 194, in run
    return runner.run(main)
           ^^^^^^^^^^^^^^^^
  File "/opt/homebrew/Cellar/python@3.12/3.12.5/Frameworks/Python.framework/Versions/3.12/lib/python3.12/asyncio/runners.py", line 123, in run
    raise KeyboardInterrupt()
KeyboardInterrupt

(venv) hadzo@Victors-MacBook-Pro Finchat % 
(venv) hadzo@Victors-MacBook-Pro Finchat % python main.py
Welcome to the Stock Trader Copilot! Type 'exit' to end the conversation.

You: What are Mark Zuckerberg's and Satya Nadella's recent comments about AI?


> Entering new AgentExecutor chain...

Invoking: `scrape_url` with `{'url': 'https://www.independent.co.uk/tech/meta-ai-mark-zuckerberg-b2519335.html'}`


Jump to content

UK EditionChange

US EditionAsia EditionEdición en Español

Sign up to our newslettersSubscribe now

Log in / Register

Independent

Electric vehicles

Subscribe

Menu

  * News
    * News
    * UK
    * US
    * World
    * UK Politics
    * Brexit
    * Health
    * Business
    * Science
    * Space
    * News Videos
  * Sport
    * Sport
    * Football
    * Paris 2024 Olympics
    * Formula 1
    * Rugby Union
    * Cricket
    * Tennis
    * Boxing
    * UFC
    * Cycling
    * Golf
    * Sport Videos
  * Voices
    * Voices
    * Editorials
    * Letters
    * John Rentoul
    * Mary Dejevsky
    * Andrew Grice
    * Sean O’Grady
  * Culture
    * Culture
    * Film
    * TV & Radio
    * Music
    * Games
    * Books
    * Art
    * Photography
    * Theatre & Dance
    * Culture Videos
  * Lifestyle
    * Lifestyle
    * Shopping
    * Beauty 
    * Fitness & Wellbeing
    * Tech
    * Money
    * Food & Drink
    * Fashion
    * Love & Sex
    * Women
    * H
Invoking: `scrape_url` with `{'url': 'https://www.microsoft.com/en-us/satya-nadella'}`


Skip to main content

Microsoft

Microsoft home

  * Microsoft 365
  * Teams
  * Copilot
  * Windows
  * Surface
  * Xbox
  * Deals
  * Small Business
  * Support
  * More

  * All Microsoft

SearchSearch Microsoft.com





## We are sorry, the page you requested cannot be found.

The URL may be misspelled or the page you're looking for is no longer
available.







What's new

  * Surface Pro
  * Surface Laptop
  * Surface Laptop Studio 2
  * Surface Laptop Go 3
  * Microsoft Copilot
  * AI in Windows
  * Explore Microsoft products
  * Windows 11 apps

Microsoft Store

  * Account profile
  * Download Center
  * Microsoft Store support
  * Returns
  * Order tracking
  * Certified Refurbished
  * Microsoft Store Promise
  * Flexible Payments

Education

  * Microsoft in education
  * Devices for education
  * Microsoft Teams for Education
  * Microsoft 365 Education
  * How to buy for your school
  * Educator training and development
  * Deals for students and parents
  * Azure for st
Invoking: `get_stock_news` with `{'tickers': ['META'], 'from_date': '2024-09-01', 'to_date': '2024-10-28', 'page': 0}`


['https://www.zacks.com/stock/news/2359145/3-key-quarterly-reports-to-watch-this-week?cid=CS-STOCKNEWSAPI-FT-stocks_in_the_news-2359145', 'https://www.zacks.com/commentary/2358987/5-reasons-to-be-bullish-stocks-in-q4?cid=CS-STOCKNEWSAPI-FT-investment_ideas-2358987', 'https://seekingalpha.com/article/4730216-meta-q3-preview-building-the-next-iphone-with-ai-ray-bans']
Invoking: `get_stock_news` with `{'tickers': ['MSFT'], 'from_date': '2024-09-01', 'to_date': '2024-10-28', 'page': 0}`


['https://seekingalpha.com/article/4730234-microsoft-earnings-preview-another-case-of-low-expectations-for-megacap-name', 'https://techcrunch.com/2024/10/28/microsoft-accuses-google-of-shadow-campaign-to-influence-cloud-regulation-in-europe/', 'https://www.investopedia.com/can-big-tech-turn-around-a-so-so-earnings-season-8735384']### Mark Zuckerberg's Recent Comments on AI

From a recent article on Meta (formerly Facebook), some key discussions have been about the company's focus on AI integration, particularly in products like the Quest Pro. Mark Zuckerberg has been emphasizing the importance of AI in creating more immersive virtual environments and improving Meta's various platforms. The company is driving forward with AI-powered wearable technologies and platforms, aiming to be at the forefront of the AI revolution.

### Satya Nadella's Recent Comments on AI

Unfortunately, the direct page for Satya Nadella's recent comments could not be retrieved due to a page issue. However, there has been significant AI-related activity surrounding Microsoft, such as its investment in AI-driven applications and discussions on cloud regulation impacts by other competitors. You might want to check other reliable sources or Microsoft’s official press releases for specific statements from Satya Nadella.

### Related News Articles

1. **Meta**:
   - [Meta Q3 Preview: Building the Next iPhone with AI Ray-Bans](https://seekingalpha.com/article/4730216-meta-q3-preview-building-the-next-iphone-with-ai-ray-bans) discusses Meta’s AI endeavors and its impact on new products.
   
2. **Microsoft**:
   - [Microsoft Earnings Preview: Another Case of Low Expectations for MegaCap Name](https://seekingalpha.com/article/4730234-microsoft-earnings-preview-another-case-of-low-expectations-for-megacap-name) gives insights into expected AI-driven performance in upcoming earnings.
   - [TechCrunch: Microsoft Accuses Google of a Shadow Campaign](https://techcrunch.com/2024/10/28/microsoft-accuses-google-of-shadow-campaign-to-influence-cloud-regulation-in-europe/) indicates Microsoft’s discussions around AI and cloud regulation.

For the most accurate and detailed information regarding their comments, you might want to explore these news and analysis articles further.

> Finished chain.
Copilot:  ### Mark Zuckerberg's Recent Comments on AI

From a recent article on Meta (formerly Facebook), some key discussions have been about the company's focus on AI integration, particularly in products like the Quest Pro. Mark Zuckerberg has been emphasizing the importance of AI in creating more immersive virtual environments and improving Meta's various platforms. The company is driving forward with AI-powered wearable technologies and platforms, aiming to be at the forefront of the AI revolution.

### Satya Nadella's Recent Comments on AI

Unfortunately, the direct page for Satya Nadella's recent comments could not be retrieved due to a page issue. However, there has been significant AI-related activity surrounding Microsoft, such as its investment in AI-driven applications and discussions on cloud regulation impacts by other competitors. You might want to check other reliable sources or Microsoft’s official press releases for specific statements from Satya Nadella.

### Related News Articles

1. **Meta**:
   - [Meta Q3 Preview: Building the Next iPhone with AI Ray-Bans](https://seekingalpha.com/article/4730216-meta-q3-preview-building-the-next-iphone-with-ai-ray-bans) discusses Meta’s AI endeavors and its impact on new products.
   
2. **Microsoft**:
   - [Microsoft Earnings Preview: Another Case of Low Expectations for MegaCap Name](https://seekingalpha.com/article/4730234-microsoft-earnings-preview-another-case-of-low-expectations-for-megacap-name) gives insights into expected AI-driven performance in upcoming earnings.
   - [TechCrunch: Microsoft Accuses Google of a Shadow Campaign](https://techcrunch.com/2024/10/28/microsoft-accuses-google-of-shadow-campaign-to-influence-cloud-regulation-in-europe/) indicates Microsoft’s discussions around AI and cloud regulation.

For the most accurate and detailed information regarding their comments, you might want to explore these news and analysis articles further.
You: ^CTraceback (most recent call last):
  File "/Users/hadzo/Development/Finchat/main.py", line 80, in <module>
    run_conversation()
  File "/Users/hadzo/Development/Finchat/main.py", line 43, in run_conversation
    user_input = input("You: ")
                 ^^^^^^^^^^^^^^
KeyboardInterrupt

(venv) hadzo@Victors-MacBook-Pro Finchat % 
(venv) hadzo@Victors-MacBook-Pro Finchat % python main.py
Welcome to the Stock Trader Copilot! Type 'exit' to end the conversation.

You: What are Mark Zuckerberg's and Satya Nadella's recent comments about AI?


> Entering new AgentExecutor chain...

Invoking: `scrape_url` with `{'url': 'https://www.example.com/mark-zuckerberg-recent-comments-ai'}`


# Example Domain

This domain is for use in illustrative examples in documents. You may use this
domain in literature without prior coordination or asking for permission.

More information...


Invoking: `scrape_url` with `{'url': 'https://www.example.com/satya-nadella-recent-comments-ai'}`


# Example Domain

This domain is for use in illustrative examples in documents. You may use this
domain in literature without prior coordination or asking for permission.

More information...

^CTraceback (most recent call last):
  File "/Users/hadzo/Development/Finchat/main.py", line 80, in <module>
    run_conversation()
  File "/Users/hadzo/Development/Finchat/main.py", line 70, in run_conversation
    result = agent_executor.invoke({"input": user_input})
             ^^^^^^^^^^^^^^^^^^^^^^^^^^^^^^^^^^^^^^^^^^^^
  File "/Users/hadzo/Development/Finchat/venv/lib/python3.12/site-packages/langchain/chains/base.py", line 170, in invoke
    raise e
  File "/Users/hadzo/Development/Finchat/venv/lib/python3.12/site-packages/langchain/chains/base.py", line 160, in invoke
    self._call(inputs, run_manager=run_manager)
  File "/Users/hadzo/Development/Finchat/venv/lib/python3.12/site-packages/langchain/agents/agent.py", line 1629, in _call
    next_step_output = self._take_next_step(
                       ^^^^^^^^^^^^^^^^^^^^^
  File "/Users/hadzo/Development/Finchat/venv/lib/python3.12/site-packages/langchain/agents/agent.py", line 1335, in _take_next_step
    [
  File "/Users/hadzo/Development/Finchat/venv/lib/python3.12/site-packages/langchain/agents/agent.py", line 1363, in _iter_next_step
    output = self._action_agent.plan(
             ^^^^^^^^^^^^^^^^^^^^^^^^
  File "/Users/hadzo/Development/Finchat/venv/lib/python3.12/site-packages/langchain/agents/agent.py", line 580, in plan
    for chunk in self.runnable.stream(inputs, config={"callbacks": callbacks}):
                 ^^^^^^^^^^^^^^^^^^^^^^^^^^^^^^^^^^^^^^^^^^^^^^^^^^^^^^^^^^^^^
  File "/Users/hadzo/Development/Finchat/venv/lib/python3.12/site-packages/langchain_core/runnables/base.py", line 3407, in stream
    yield from self.transform(iter([input]), config, **kwargs)
  File "/Users/hadzo/Development/Finchat/venv/lib/python3.12/site-packages/langchain_core/runnables/base.py", line 3394, in transform
    yield from self._transform_stream_with_config(
  File "/Users/hadzo/Development/Finchat/venv/lib/python3.12/site-packages/langchain_core/runnables/base.py", line 2197, in _transform_stream_with_config
    chunk: Output = context.run(next, iterator)  # type: ignore
                    ^^^^^^^^^^^^^^^^^^^^^^^^^^^
  File "/Users/hadzo/Development/Finchat/venv/lib/python3.12/site-packages/langchain_core/runnables/base.py", line 3357, in _transform
    yield from final_pipeline
  File "/Users/hadzo/Development/Finchat/venv/lib/python3.12/site-packages/langchain_core/runnables/base.py", line 1413, in transform
    for ichunk in input:
                  ^^^^^
  File "/Users/hadzo/Development/Finchat/venv/lib/python3.12/site-packages/langchain_core/runnables/base.py", line 5561, in transform
    yield from self.bound.transform(
  File "/Users/hadzo/Development/Finchat/venv/lib/python3.12/site-packages/langchain_core/runnables/base.py", line 1431, in transform
    yield from self.stream(final, config, **kwargs)
  File "/Users/hadzo/Development/Finchat/venv/lib/python3.12/site-packages/langchain_core/language_models/chat_models.py", line 420, in stream
    raise e
  File "/Users/hadzo/Development/Finchat/venv/lib/python3.12/site-packages/langchain_core/language_models/chat_models.py", line 400, in stream
    for chunk in self._stream(messages, stop=stop, **kwargs):
                 ^^^^^^^^^^^^^^^^^^^^^^^^^^^^^^^^^^^^^^^^^^^
  File "/Users/hadzo/Development/Finchat/venv/lib/python3.12/site-packages/langchain_openai/chat_models/base.py", line 656, in _stream
    response = self.client.create(**payload)
               ^^^^^^^^^^^^^^^^^^^^^^^^^^^^^
  File "/Users/hadzo/Development/Finchat/venv/lib/python3.12/site-packages/openai/_utils/_utils.py", line 274, in wrapper
    return func(*args, **kwargs)
           ^^^^^^^^^^^^^^^^^^^^^
  File "/Users/hadzo/Development/Finchat/venv/lib/python3.12/site-packages/openai/resources/chat/completions.py", line 815, in create
    return self._post(
           ^^^^^^^^^^^
  File "/Users/hadzo/Development/Finchat/venv/lib/python3.12/site-packages/openai/_base_client.py", line 1277, in post
    return cast(ResponseT, self.request(cast_to, opts, stream=stream, stream_cls=stream_cls))
                           ^^^^^^^^^^^^^^^^^^^^^^^^^^^^^^^^^^^^^^^^^^^^^^^^^^^^^^^^^^^^^^^^^
  File "/Users/hadzo/Development/Finchat/venv/lib/python3.12/site-packages/openai/_base_client.py", line 954, in request
    return self._request(
           ^^^^^^^^^^^^^^
  File "/Users/hadzo/Development/Finchat/venv/lib/python3.12/site-packages/openai/_base_client.py", line 990, in _request
    response = self._client.send(
               ^^^^^^^^^^^^^^^^^^
  File "/Users/hadzo/Development/Finchat/venv/lib/python3.12/site-packages/httpx/_client.py", line 926, in send
    response = self._send_handling_auth(
               ^^^^^^^^^^^^^^^^^^^^^^^^^
  File "/Users/hadzo/Development/Finchat/venv/lib/python3.12/site-packages/httpx/_client.py", line 954, in _send_handling_auth
    response = self._send_handling_redirects(
               ^^^^^^^^^^^^^^^^^^^^^^^^^^^^^^
  File "/Users/hadzo/Development/Finchat/venv/lib/python3.12/site-packages/httpx/_client.py", line 991, in _send_handling_redirects
    response = self._send_single_request(request)
               ^^^^^^^^^^^^^^^^^^^^^^^^^^^^^^^^^^
  File "/Users/hadzo/Development/Finchat/venv/lib/python3.12/site-packages/httpx/_client.py", line 1027, in _send_single_request
    response = transport.handle_request(request)
               ^^^^^^^^^^^^^^^^^^^^^^^^^^^^^^^^^
  File "/Users/hadzo/Development/Finchat/venv/lib/python3.12/site-packages/httpx/_transports/default.py", line 236, in handle_request
    resp = self._pool.handle_request(req)
           ^^^^^^^^^^^^^^^^^^^^^^^^^^^^^^
  File "/Users/hadzo/Development/Finchat/venv/lib/python3.12/site-packages/httpcore/_sync/connection_pool.py", line 216, in handle_request
    raise exc from None
  File "/Users/hadzo/Development/Finchat/venv/lib/python3.12/site-packages/httpcore/_sync/connection_pool.py", line 196, in handle_request
    response = connection.handle_request(
               ^^^^^^^^^^^^^^^^^^^^^^^^^^
  File "/Users/hadzo/Development/Finchat/venv/lib/python3.12/site-packages/httpcore/_sync/connection.py", line 101, in handle_request
    return self._connection.handle_request(request)
           ^^^^^^^^^^^^^^^^^^^^^^^^^^^^^^^^^^^^^^^^
  File "/Users/hadzo/Development/Finchat/venv/lib/python3.12/site-packages/httpcore/_sync/http11.py", line 143, in handle_request
    raise exc
  File "/Users/hadzo/Development/Finchat/venv/lib/python3.12/site-packages/httpcore/_sync/http11.py", line 113, in handle_request
    ) = self._receive_response_headers(**kwargs)
        ^^^^^^^^^^^^^^^^^^^^^^^^^^^^^^^^^^^^^^^^
  File "/Users/hadzo/Development/Finchat/venv/lib/python3.12/site-packages/httpcore/_sync/http11.py", line 186, in _receive_response_headers
    event = self._receive_event(timeout=timeout)
            ^^^^^^^^^^^^^^^^^^^^^^^^^^^^^^^^^^^^
  File "/Users/hadzo/Development/Finchat/venv/lib/python3.12/site-packages/httpcore/_sync/http11.py", line 224, in _receive_event
    data = self._network_stream.read(
           ^^^^^^^^^^^^^^^^^^^^^^^^^^
  File "/Users/hadzo/Development/Finchat/venv/lib/python3.12/site-packages/httpcore/_backends/sync.py", line 126, in read
    return self._sock.recv(max_bytes)
           ^^^^^^^^^^^^^^^^^^^^^^^^^^
  File "/opt/homebrew/Cellar/python@3.12/3.12.5/Frameworks/Python.framework/Versions/3.12/lib/python3.12/ssl.py", line 1233, in recv
    return self.read(buflen)
           ^^^^^^^^^^^^^^^^^
  File "/opt/homebrew/Cellar/python@3.12/3.12.5/Frameworks/Python.framework/Versions/3.12/lib/python3.12/ssl.py", line 1106, in read
    return self._sslobj.read(len)
           ^^^^^^^^^^^^^^^^^^^^^^
KeyboardInterrupt
^C
(venv) hadzo@Victors-MacBook-Pro Finchat % python main.py
Welcome to the Stock Trader Copilot! Type 'exit' to end the conversation.

You: What are Mark Zuckerberg's and Satya Nadella's recent comments about AI?


> Entering new AgentExecutor chain...

Invoking: `get_stock_news` with `{'tickers': ['META'], 'from_date': '2024-09-01', 'to_date': '2024-10-28'}`


['https://www.zacks.com/stock/news/2359145/3-key-quarterly-reports-to-watch-this-week?cid=CS-STOCKNEWSAPI-FT-stocks_in_the_news-2359145', 'https://www.zacks.com/commentary/2358987/5-reasons-to-be-bullish-stocks-in-q4?cid=CS-STOCKNEWSAPI-FT-investment_ideas-2358987', 'https://seekingalpha.com/article/4730216-meta-q3-preview-building-the-next-iphone-with-ai-ray-bans']
Invoking: `get_stock_news` with `{'tickers': ['MSFT'], 'from_date': '2024-09-01', 'to_date': '2024-10-28'}`


['https://seekingalpha.com/article/4730234-microsoft-earnings-preview-another-case-of-low-expectations-for-megacap-name', 'https://techcrunch.com/2024/10/28/microsoft-accuses-google-of-shadow-campaign-to-influence-cloud-regulation-in-europe/', 'https://www.investopedia.com/can-big-tech-turn-around-a-so-so-earnings-season-8735384']
Invoking: `scrape_url` with `{'url': 'https://www.zacks.com/stock/news/2359145/3-key-quarterly-reports-to-watch-this-week?cid=CS-STOCKNEWSAPI-FT-stocks_in_the_news-2359145'}`


X

Skip to main content

We use cookies to understand how you use our site and to improve your
experience. This includes personalizing content and advertising. To learn
more, click here. By continuing to use our site, you accept our use of
cookies, revised Privacy Policy and Terms of Service.

I acceptX

Menu Toggle header navigation

  * Home
  * Stocks ____ Stocks
    * Stocks
    * Zacks #1 Rank
    * Zacks Rank
    * Zacks Industry Rank
    * Zacks Sector Rank
    * Equity Research
    * Markets
  * Funds ____ Funds
    * Funds
    * Mutual Funds
    * ETFs
    * Mutual Fund Screener
    * ETF Screener
    * Top ETFs
  * Crypto
  * Earnings ____ Earnings
    * Earnings
    * Earnings Calendar
    * Earnings Releases
    * Earnings ESP
    * Earnings ESP Filter
  * Screening ____ Screening
    * Screening
    * Stock Screener
    * Mutual Fund Screener
    * ETF Screener
    * Premium Screens
    * Basic Screens
    * Thematic Screens
    * Research Wizard
  * Finance ____ Finance
 
Invoking: `scrape_url` with `{'url': 'https://seekingalpha.com/article/4730216-meta-q3-preview-building-the-next-iphone-with-ai-ray-bans'}`


Before we continue...

Press & Hold to confirm you are  
a human (and not a bot).

Having a problem?

Reference ID 60a32e71-95a6-11ef-b1e9-44f18ccd5697

Report a problem

Experiencing issues with this page? please let us know:

You can contact us for assistance. You should use Ref ID:

60a32e71-95a6-11ef-b1e9-44f18ccd5697



You can also send us your feedback:

I’m a bot

I do not see where to confirm

I keep getting the "Please try again" message

Other (please elaborate below)

#### Experiencing other issues?

Cancel Send

✓Thank you for the feedback


Invoking: `scrape_url` with `{'url': 'https://techcrunch.com/2024/10/28/microsoft-accuses-google-of-shadow-campaign-to-influence-cloud-regulation-in-europe/'}`


Skip to content

TechCrunch Desktop Logo TechCrunch Mobile Logo

  * Latest
  * Startups
  * Venture
  * Apple
  * Security
  * AI
  * Apps

  * Events
  * Podcasts
  * Newsletters

Sign In

Search

Submit

Site Search Toggle

Mega Menu Toggle

### Topics

Latest

AI

Amazon

Apps

Biotech & Health

Climate

Cloud Computing

Commerce

Crypto

Enterprise

EVs

Fintech

Fundraising

Gadgets

Gaming

Google

Government & Policy

Hardware

Instagram

Layoffs

Media & Entertainment

Meta

Microsoft

Privacy

Robotics

Security

Social

Space

Startups

TikTok

Transportation

Venture

### More from TechCrunch

Events

Startup Battlefield

StrictlyVC

Newsletters

Podcasts

Videos

Partner Content

TechCrunch Brand Studio

Crunchboard

Contact Us

Sign In

**Image Credits:** Jakub Porzycki/NurPhoto / Getty Images

Government & Policy

# Microsoft accuses Google of ‘shadow campaign’ to influence cloud regulation
in Europe

Paul Sawers

1:30 PM PDT · October 28, 2024

The European cloud wars aI attempted to retrieve recent comments regarding AI from articles related to Mark Zuckerberg and Satya Nadella. Unfortunately, I wasn't able to extract specific quotes or comments from the articles at this moment. 

If you're looking for recent statements, typically these would be covered in major tech news outlets, especially surrounding any of their public appearances or corporate earnings calls. For the latest insights, checking reputable sources like TechCrunch, Forbes, or official company press releases can be helpful. If you have any further specific requests or another way I could assist with this information, please let me know!

> Finished chain.
Copilot:  I attempted to retrieve recent comments regarding AI from articles related to Mark Zuckerberg and Satya Nadella. Unfortunately, I wasn't able to extract specific quotes or comments from the articles at this moment. 

If you're looking for recent statements, typically these would be covered in major tech news outlets, especially surrounding any of their public appearances or corporate earnings calls. For the latest insights, checking reputable sources like TechCrunch, Forbes, or official company press releases can be helpful. If you have any further specific requests or another way I could assist with this information, please let me know!